TRACE::2023-06-17.00:30:06::SCWBifWriter::Found the complete platform C:/Users/paolo/Desktop/DSP_Project/phonemes_ita/vitis/system_wrapper/export/system_wrapper/system_wrapper.xpfm
TRACE::2023-06-17.00:30:06::SCWBifWriter::hardware databse : system_wrapper
TRACE::2023-06-17.00:30:06::SCWBifWriter::bitstream found in the design
TRACE::2023-06-17.00:30:06::SCWBifWriter::Found a baremetal domain, proc: ps7_cortexa9_0
TRACE::2023-06-17.00:30:06::SCWBifWriter::proc type : 
TRACE::2023-06-17.00:30:06::SCWBifWriter::proc[0] : ps7_cortexa9_0
TRACE::2023-06-17.00:30:06::SCWBifWriter::Device type is : zynq
TRACE::2023-06-17.00:30:06::SCWBifWriter::Writing BIF to file : C:/Users/paolo/Downloads/vitis/text2speech_system/Debug/system.bif
TRACE::2023-06-17.00:30:06::SCWBifWriter::Writing the Zynq Baremetal bif 
TRACE::2023-06-18.16:30:19::SCWBifWriter::Found the complete platform C:/Users/paolo/Desktop/DSP_Project/phonemes_ita/vitis/system_wrapper/export/system_wrapper/system_wrapper.xpfm
TRACE::2023-06-18.16:30:19::SCWBifWriter::hardware databse : system_wrapper
TRACE::2023-06-18.16:30:19::SCWBifWriter::bitstream found in the design
TRACE::2023-06-18.16:30:19::SCWBifWriter::Found a baremetal domain, proc: ps7_cortexa9_0
TRACE::2023-06-18.16:30:19::SCWBifWriter::proc type : 
TRACE::2023-06-18.16:30:19::SCWBifWriter::proc[0] : ps7_cortexa9_0
TRACE::2023-06-18.16:30:19::SCWBifWriter::Device type is : zynq
TRACE::2023-06-18.16:30:19::SCWBifWriter::Writing BIF to file : C:/Users/paolo/Downloads/vitis/text2speech_system/Debug/system.bif
TRACE::2023-06-18.16:30:19::SCWBifWriter::Writing the Zynq Baremetal bif 
TRACE::2023-06-18.16:38:59::SCWBifWriter::Found the complete platform C:/Users/paolo/Desktop/DSP_Project/phonemes_ita/vitis/system_wrapper/export/system_wrapper/system_wrapper.xpfm
TRACE::2023-06-18.16:38:59::SCWBifWriter::hardware databse : system_wrapper
TRACE::2023-06-18.16:38:59::SCWBifWriter::bitstream found in the design
TRACE::2023-06-18.16:38:59::SCWBifWriter::Found a baremetal domain, proc: ps7_cortexa9_0
TRACE::2023-06-18.16:38:59::SCWBifWriter::proc type : 
TRACE::2023-06-18.16:38:59::SCWBifWriter::proc[0] : ps7_cortexa9_0
TRACE::2023-06-18.16:38:59::SCWBifWriter::Device type is : zynq
TRACE::2023-06-18.16:38:59::SCWBifWriter::Writing BIF to file : C:/Users/paolo/Downloads/vitis/text2speech_system/Debug/system.bif
TRACE::2023-06-18.16:38:59::SCWBifWriter::Writing the Zynq Baremetal bif 
TRACE::2023-06-19.13:26:57::SCWBifWriter::Found the complete platform C:/Users/paolo/Desktop/DSP_Project/phonemes_ita/vitis/system_wrapper/export/system_wrapper/system_wrapper.xpfm
TRACE::2023-06-19.13:26:57::SCWBifWriter::hardware databse : system_wrapper_12
TRACE::2023-06-19.13:26:57::SCWBifWriter::bitstream found in the design
TRACE::2023-06-19.13:26:57::SCWBifWriter::Found a baremetal domain, proc: ps7_cortexa9_0
TRACE::2023-06-19.13:26:57::SCWBifWriter::proc type : 
TRACE::2023-06-19.13:26:57::SCWBifWriter::proc[0] : ps7_cortexa9_0
TRACE::2023-06-19.13:26:57::SCWBifWriter::Device type is : zynq
TRACE::2023-06-19.13:26:57::SCWBifWriter::Writing BIF to file : C:/Users/paolo/Downloads/vitis/text2speech_system/Debug/system.bif
TRACE::2023-06-19.13:26:57::SCWBifWriter::Writing the Zynq Baremetal bif 
TRACE::2023-06-19.13:28:22::SCWBifWriter::Found the complete platform C:/Users/paolo/Desktop/DSP_Project/phonemes_ita/vitis/system_wrapper/export/system_wrapper/system_wrapper.xpfm
TRACE::2023-06-19.13:28:22::SCWBifWriter::hardware databse : system_wrapper_13
TRACE::2023-06-19.13:28:22::SCWBifWriter::bitstream found in the design
TRACE::2023-06-19.13:28:22::SCWBifWriter::Found a baremetal domain, proc: ps7_cortexa9_0
TRACE::2023-06-19.13:28:22::SCWBifWriter::proc type : 
TRACE::2023-06-19.13:28:22::SCWBifWriter::proc[0] : ps7_cortexa9_0
TRACE::2023-06-19.13:28:22::SCWBifWriter::Device type is : zynq
TRACE::2023-06-19.13:28:22::SCWBifWriter::Writing BIF to file : C:/Users/paolo/Downloads/vitis/text2speech_system/Debug/system.bif
TRACE::2023-06-19.13:28:22::SCWBifWriter::Writing the Zynq Baremetal bif 
TRACE::2023-06-19.13:29:30::SCWBifWriter::Found the complete platform C:/Users/paolo/Desktop/DSP_Project/phonemes_ita/vitis/system_wrapper/export/system_wrapper/system_wrapper.xpfm
TRACE::2023-06-19.13:29:31::SCWBifWriter::hardware databse : system_wrapper_14
TRACE::2023-06-19.13:29:31::SCWBifWriter::bitstream found in the design
TRACE::2023-06-19.13:29:31::SCWBifWriter::Found a baremetal domain, proc: ps7_cortexa9_0
TRACE::2023-06-19.13:29:31::SCWBifWriter::proc type : 
TRACE::2023-06-19.13:29:31::SCWBifWriter::proc[0] : ps7_cortexa9_0
TRACE::2023-06-19.13:29:31::SCWBifWriter::Device type is : zynq
TRACE::2023-06-19.13:29:31::SCWBifWriter::Writing BIF to file : C:/Users/paolo/Downloads/vitis/text2speech_system/Debug/system.bif
TRACE::2023-06-19.13:29:31::SCWBifWriter::Writing the Zynq Baremetal bif 
TRACE::2023-06-28.10:19:46::SCWBifWriter::Found the complete platform C:/Users/paolo/Desktop/DSP_Project/phonemes_ita/vitis/system_wrapper/export/system_wrapper/system_wrapper.xpfm
TRACE::2023-06-28.10:19:46::SCWBifWriter::hardware databse : system_wrapper_2
TRACE::2023-06-28.10:19:46::SCWBifWriter::bitstream found in the design
TRACE::2023-06-28.10:19:46::SCWBifWriter::Found a baremetal domain, proc: ps7_cortexa9_0
TRACE::2023-06-28.10:19:46::SCWBifWriter::proc type : 
TRACE::2023-06-28.10:19:46::SCWBifWriter::proc[0] : ps7_cortexa9_0
TRACE::2023-06-28.10:19:46::SCWBifWriter::Device type is : zynq
TRACE::2023-06-28.10:19:46::SCWBifWriter::Writing BIF to file : C:/Users/paolo/Downloads/vitis/text2speech_system/Debug/system.bif
TRACE::2023-06-28.10:19:46::SCWBifWriter::Writing the Zynq Baremetal bif 
